<?xml version="1.0" encoding="UTF-8"?>
<!-- Generated by org.testng.reporters.JUnitReportReporter -->
<testsuite hostname="DESKTOP-S7IQRPD" failures="0" tests="1" name="scripts.TestCase1" time="14.522" errors="0" timestamp="2023-02-15T09:15:12 IST" skipped="0">
  <testcase classname="scripts.TestCase1" name="testA" time="14.522"/>
  <system-out>
    <![CDATA[actiTIME - Login
XL:Bhanu]]>
  </system-out>
</testsuite> <!-- scripts.TestCase1 -->
