<?xml version="1.0" encoding="UTF-8"?>
<!-- Generated by org.testng.reporters.JUnitReportReporter -->
<testsuite hostname="DESKTOP-S7IQRPD" failures="0" tests="1" name="scripts.ValidLogin" time="16.891" errors="0" timestamp="2023-02-16T07:52:04 IST" skipped="0">
  <testcase classname="scripts.ValidLogin" name="testValidLogin" time="16.891"/>
  <system-out>
    <![CDATA[HomePage is displayed]]>
  </system-out>
</testsuite> <!-- scripts.ValidLogin -->
