<?xml version="1.0" encoding="UTF-8"?>
<!-- Generated by org.testng.reporters.JUnitReportReporter -->
<testsuite hostname="DESKTOP-S7IQRPD" failures="0" tests="1" name="scripts.ValidLogin" time="12.835" errors="0" timestamp="2023-02-15T09:15:12 IST" skipped="0">
  <testcase classname="scripts.ValidLogin" name="testValidLogin" time="12.835"/>
  <system-out>
    <![CDATA[HomePage is displayed]]>
  </system-out>
</testsuite> <!-- scripts.ValidLogin -->
