<?xml version="1.0" encoding="UTF-8"?>
<!-- Generated by org.testng.reporters.JUnitReportReporter -->
<testsuite hostname="DESKTOP-S7IQRPD" failures="0" tests="1" name="day28.Demo1" time="6.261" errors="0" timestamp="2023-02-13T08:15:07 IST" skipped="0">
  <testcase classname="day28.Demo1" name="testA" time="6.261"/>
  <system-out/>
</testsuite> <!-- day28.Demo1 -->
